\BOOKMARK [0][-]{chapter.1}{\376\377\174\041\116\313}{}% 1
\BOOKMARK [1][-]{section.1.1}{\376\377\161\041\117\072\147\015\126\150\147\266\151\313\166\204\151\202\137\365}{chapter.1}% 2
\BOOKMARK [1][-]{section.1.2}{\376\377\225\213\166\174\202\007\220\113\175\255\166\204\151\202\137\365}{chapter.1}% 3
\BOOKMARK [1][-]{section.1.3}{\376\377\161\041\117\072\147\015\126\150\147\266\151\313\116\013\166\204\225\213\166\174\202\007\220\113\175\255\121\052\122\342}{chapter.1}% 4
\BOOKMARK [0][-]{chapter.2}{\376\377\000S\000e\000r\000v\000e\000r\000l\000e\000s\000s\147\266\151\313\166\204\121\052\122\342\202\007\143\021\142\060}{}% 5
\BOOKMARK [1][-]{section.2.1}{\376\377\121\052\122\342}{chapter.2}% 6
\BOOKMARK [1][-]{section.2.2}{\376\377\143\021\142\060}{chapter.2}% 7
\BOOKMARK [1][-]{section.2.3}{\376\377\000X\000X\000X}{chapter.2}% 8
\BOOKMARK [0][-]{chapter.3}{\376\377\225\213\166\174\202\007\220\113\175\255\127\050\161\041\117\072\147\015\126\150\147\266\151\313\116\055\166\204\201\163\202\162}{}% 9
\BOOKMARK [1][-]{section.3.1}{\376\377\143\001\176\214\145\164\124\010}{chapter.3}% 10
\BOOKMARK [1][-]{section.3.2}{\376\377\143\001\176\214\116\244\116\330}{chapter.3}% 11
\BOOKMARK [1][-]{section.3.3}{\376\377\166\343\143\247\202\007\212\277\212\146}{chapter.3}% 12
\BOOKMARK [0][-]{chapter.4}{\376\377\133\346\226\233\150\110\117\213}{}% 13
\BOOKMARK [1][-]{section.4.1}{\376\377\150\110\117\213\116\000}{chapter.4}% 14
\BOOKMARK [1][-]{section.4.2}{\376\377\150\110\117\213\116\214}{chapter.4}% 15
\BOOKMARK [1][-]{section.4.3}{\376\377\000X\000X\000X}{chapter.4}% 16
\BOOKMARK [0][-]{chapter.5}{\376\377\000G\000i\000t\000h\000u\000b\000\040\000A\000c\000t\000i\000o\000n\201\352\122\325\165\037\142\020\130\061\124\112}{}% 17
\BOOKMARK [1][-]{section.5.1}{\376\377\135\345\117\134\155\101\172\013}{chapter.5}% 18
\BOOKMARK [1][-]{section.5.2}{\376\377\162\110\147\054\143\247\122\066\124\214\166\174\136\003}{chapter.5}% 19
\BOOKMARK [1][-]{section.5.3}{\376\377\220\350\134\154\124\214\121\161\116\253}{chapter.5}% 20
\BOOKMARK [1][-]{section.5.4}{\376\377\153\324\217\003\202\007\000W\000o\000r\000d\121\052\122\243}{chapter.5}% 21
